0 info it worked if it ends with ok
1 verbose cli [ '/usr/local/bin/node',
1 verbose cli   '/usr/local/bin/npm',
1 verbose cli   'install',
1 verbose cli   'karma',
1 verbose cli   '–save-dev' ]
2 info using npm@1.4.28
3 info using node@v0.10.33
4 warn package.json mailbox@1.0.0 No repository field.
5 verbose readDependencies using package.json deps
6 verbose cache add [ 'karma', null ]
7 verbose cache add name=undefined spec="karma" args=["karma",null]
8 verbose parsed url { protocol: null,
8 verbose parsed url   slashes: null,
8 verbose parsed url   auth: null,
8 verbose parsed url   host: null,
8 verbose parsed url   port: null,
8 verbose parsed url   hostname: null,
8 verbose parsed url   hash: null,
8 verbose parsed url   search: null,
8 verbose parsed url   query: null,
8 verbose parsed url   pathname: 'karma',
8 verbose parsed url   path: 'karma',
8 verbose parsed url   href: 'karma' }
9 verbose cache add [ '–save-dev', null ]
10 verbose cache add name=undefined spec="–save-dev" args=["–save-dev",null]
11 verbose parsed url { protocol: null,
11 verbose parsed url   slashes: null,
11 verbose parsed url   auth: null,
11 verbose parsed url   host: null,
11 verbose parsed url   port: null,
11 verbose parsed url   hostname: null,
11 verbose parsed url   hash: null,
11 verbose parsed url   search: null,
11 verbose parsed url   query: null,
11 verbose parsed url   pathname: '–save-dev',
11 verbose parsed url   path: '–save-dev',
11 verbose parsed url   href: '–save-dev' }
12 silly lockFile 512423cb-karma karma
13 verbose lock karma /Users/andreasbiorn-hansen/.npm/512423cb-karma.lock
14 silly lockFile 36ac6028-save-dev –save-dev
15 verbose lock –save-dev /Users/andreasbiorn-hansen/.npm/36ac6028-save-dev.lock
16 silly lockFile 512423cb-karma karma
17 silly lockFile 512423cb-karma karma
18 silly lockFile 36ac6028-save-dev –save-dev
19 silly lockFile 36ac6028-save-dev –save-dev
20 verbose addNamed [ 'karma', '' ]
21 verbose addNamed [ null, '*' ]
22 silly lockFile cd7961bb-karma karma@
23 verbose lock karma@ /Users/andreasbiorn-hansen/.npm/cd7961bb-karma.lock
24 verbose addNamed [ '–save-dev', '' ]
25 verbose addNamed [ null, '*' ]
26 silly lockFile 370b9e36-save-dev –save-dev@
27 verbose lock –save-dev@ /Users/andreasbiorn-hansen/.npm/370b9e36-save-dev.lock
28 silly addNameRange { name: 'karma', range: '*', hasData: false }
29 silly addNameRange { name: '–save-dev', range: '*', hasData: false }
30 verbose request where is /–save-dev
31 verbose request registry https://registry.npmjs.org/
32 verbose request id db24bf11838c0b13
33 verbose url raw /–save-dev
34 verbose url resolving [ 'https://registry.npmjs.org/', './%E2%80%93save-dev' ]
35 verbose url resolved https://registry.npmjs.org/%E2%80%93save-dev
36 verbose request where is https://registry.npmjs.org/%E2%80%93save-dev
37 info trying registry request attempt 1 at 23:12:44
38 http GET https://registry.npmjs.org/%E2%80%93save-dev
39 verbose request where is /karma
40 verbose request registry https://registry.npmjs.org/
41 verbose url raw /karma
42 verbose url resolving [ 'https://registry.npmjs.org/', './karma' ]
43 verbose url resolved https://registry.npmjs.org/karma
44 verbose request where is https://registry.npmjs.org/karma
45 info trying registry request attempt 1 at 23:12:44
46 verbose etag "E7J032FR4TSDZQVTCCQYWPNAR"
47 http GET https://registry.npmjs.org/karma
48 http 304 https://registry.npmjs.org/karma
49 silly registry.get cb [ 304,
49 silly registry.get   { date: 'Wed, 04 Feb 2015 22:12:44 GMT',
49 silly registry.get     server: 'Apache',
49 silly registry.get     via: '1.1 varnish',
49 silly registry.get     'last-modified': 'Wed, 04 Feb 2015 22:11:58 GMT',
49 silly registry.get     'cache-control': 'max-age=60',
49 silly registry.get     etag: '"E7J032FR4TSDZQVTCCQYWPNAR"',
49 silly registry.get     age: '51',
49 silly registry.get     'x-served-by': 'cache-fra1240-FRA',
49 silly registry.get     'x-cache': 'HIT',
49 silly registry.get     'x-cache-hits': '3',
49 silly registry.get     'x-timer': 'S1423087964.259710,VS0,VE0',
49 silly registry.get     vary: 'Accept',
49 silly registry.get     'content-length': '0',
49 silly registry.get     'keep-alive': 'timeout=10, max=50',
49 silly registry.get     connection: 'Keep-Alive' } ]
50 verbose etag https://registry.npmjs.org/karma from cache
51 silly addNameRange number 2 { name: 'karma', range: '*', hasData: true }
52 silly addNameRange versions [ 'karma',
52 silly addNameRange   [ '0.8.0',
52 silly addNameRange     '0.9.0-dart',
52 silly addNameRange     '0.8.1',
52 silly addNameRange     '0.8.2',
52 silly addNameRange     '0.8.3',
52 silly addNameRange     '0.9.0',
52 silly addNameRange     '0.8.4',
52 silly addNameRange     '0.9.1',
52 silly addNameRange     '0.8.5',
52 silly addNameRange     '0.9.2',
52 silly addNameRange     '0.9.2-dart',
52 silly addNameRange     '0.9.3',
52 silly addNameRange     '0.8.6',
52 silly addNameRange     '0.9.4',
52 silly addNameRange     '0.8.7',
52 silly addNameRange     '0.9.5',
52 silly addNameRange     '0.9.6',
52 silly addNameRange     '0.8.8',
52 silly addNameRange     '0.9.7',
52 silly addNameRange     '0.9.8',
52 silly addNameRange     '0.10.0',
52 silly addNameRange     '0.10.1',
52 silly addNameRange     '0.10.2',
52 silly addNameRange     '0.11.0',
52 silly addNameRange     '0.11.1',
52 silly addNameRange     '0.10.3',
52 silly addNameRange     '0.10.4',
52 silly addNameRange     '0.11.2',
52 silly addNameRange     '0.11.3',
52 silly addNameRange     '0.10.5',
52 silly addNameRange     '0.11.4',
52 silly addNameRange     '0.11.5',
52 silly addNameRange     '0.10.6',
52 silly addNameRange     '0.11.6',
52 silly addNameRange     '0.10.7',
52 silly addNameRange     '0.11.7',
52 silly addNameRange     '0.11.8',
52 silly addNameRange     '0.11.9',
52 silly addNameRange     '0.10.8',
52 silly addNameRange     '0.11.10',
52 silly addNameRange     '0.11.11',
52 silly addNameRange     '0.11.12',
52 silly addNameRange     '0.11.11-dev',
52 silly addNameRange     '0.10.9',
52 silly addNameRange     '0.11.12-dev',
52 silly addNameRange     '0.11.12-dev2',
52 silly addNameRange     '0.11.13',
52 silly addNameRange     '0.11.14',
52 silly addNameRange     '0.12.0',
52 silly addNameRange     '0.10.10',
52 silly addNameRange     '0.12.1',
52 silly addNameRange     '0.12.2',
52 silly addNameRange     '0.12.3',
52 silly addNameRange     '0.12.4',
52 silly addNameRange     '0.12.5',
52 silly addNameRange     '0.12.6',
52 silly addNameRange     '0.12.6-beta-43e6e28',
52 silly addNameRange     '0.12.7',
52 silly addNameRange     '0.12.8',
52 silly addNameRange     '0.12.9',
52 silly addNameRange     '0.12.10',
52 silly addNameRange     '0.12.11',
52 silly addNameRange     '0.12.12',
52 silly addNameRange     '0.12.11-beta-3029418',
52 silly addNameRange     '0.12.13',
52 silly addNameRange     '0.12.14',
52 silly addNameRange     '0.12.15',
52 silly addNameRange     '0.12.16',
52 silly addNameRange     '0.12.16-beta-905422d',
52 silly addNameRange     '0.12.17',
52 silly addNameRange     '0.12.18',
52 silly addNameRange     '0.12.19',
52 silly addNameRange     '0.12.20',
52 silly addNameRange     '0.12.21',
52 silly addNameRange     '0.12.22',
52 silly addNameRange     '0.12.23',
52 silly addNameRange     '0.12.24',
52 silly addNameRange     '0.12.24-beta-6cf7955',
52 silly addNameRange     '0.12.25',
52 silly addNameRange     '0.12.25-beta-37a7958',
52 silly addNameRange     '0.12.25-beta-ad5bc24',
52 silly addNameRange     '0.12.26',
52 silly addNameRange     '0.12.27',
52 silly addNameRange     '0.12.28',
52 silly addNameRange     '0.12.28-beta-b9be580',
52 silly addNameRange     '0.12.29',
52 silly addNameRange     '0.12.30',
52 silly addNameRange     '0.12.31',
52 silly addNameRange     '0.12.28-beta-f65c864',
52 silly addNameRange     '0.12.24-dev-test',
52 silly addNameRange     '0.12.24-dev-socketio10',
52 silly addNameRange     '0.12.24-dev-socketio10-2' ] ]
53 verbose addNamed [ 'karma', '0.12.31' ]
54 verbose addNamed [ '0.12.31', '0.12.31' ]
55 silly lockFile feea9de1-karma-0-12-31 karma@0.12.31
56 verbose lock karma@0.12.31 /Users/andreasbiorn-hansen/.npm/feea9de1-karma-0-12-31.lock
57 silly lockFile feea9de1-karma-0-12-31 karma@0.12.31
58 silly lockFile feea9de1-karma-0-12-31 karma@0.12.31
59 silly lockFile cd7961bb-karma karma@
60 silly lockFile cd7961bb-karma karma@
61 http 404 https://registry.npmjs.org/%E2%80%93save-dev
62 verbose headers { date: 'Wed, 04 Feb 2015 22:12:44 GMT',
62 verbose headers   server: 'CouchDB/1.5.0 (Erlang OTP/R16B03)',
62 verbose headers   'content-type': 'application/json',
62 verbose headers   'cache-control': 'max-age=0',
62 verbose headers   'content-length': '52',
62 verbose headers   'accept-ranges': 'bytes',
62 verbose headers   via: '1.1 varnish',
62 verbose headers   age: '0',
62 verbose headers   'x-served-by': 'cache-fra1225-FRA',
62 verbose headers   'x-cache': 'MISS',
62 verbose headers   'x-cache-hits': '0',
62 verbose headers   'x-timer': 'S1423087964.240815,VS0,VE422',
62 verbose headers   'keep-alive': 'timeout=10, max=50',
62 verbose headers   connection: 'Keep-Alive' }
63 silly registry.get cb [ 404,
63 silly registry.get   { date: 'Wed, 04 Feb 2015 22:12:44 GMT',
63 silly registry.get     server: 'CouchDB/1.5.0 (Erlang OTP/R16B03)',
63 silly registry.get     'content-type': 'application/json',
63 silly registry.get     'cache-control': 'max-age=0',
63 silly registry.get     'content-length': '52',
63 silly registry.get     'accept-ranges': 'bytes',
63 silly registry.get     via: '1.1 varnish',
63 silly registry.get     age: '0',
63 silly registry.get     'x-served-by': 'cache-fra1225-FRA',
63 silly registry.get     'x-cache': 'MISS',
63 silly registry.get     'x-cache-hits': '0',
63 silly registry.get     'x-timer': 'S1423087964.240815,VS0,VE422',
63 silly registry.get     'keep-alive': 'timeout=10, max=50',
63 silly registry.get     connection: 'Keep-Alive' } ]
64 silly lockFile 370b9e36-save-dev –save-dev@
65 silly lockFile 370b9e36-save-dev –save-dev@
66 error 404 404 Not Found: %E2%80%93save-dev
66 error 404
66 error 404 '%E2%80%93save-dev' is not in the npm registry.
66 error 404 You should bug the author to publish it
66 error 404 It was specified as a dependency of 'mailbox'
66 error 404
66 error 404 Note that you can also install from a
66 error 404 tarball, folder, or http url, or git url.
67 error System Darwin 14.0.0
68 error command "/usr/local/bin/node" "/usr/local/bin/npm" "install" "karma" "–save-dev"
69 error cwd /Users/andreasbiorn-hansen/Documents/web-projects/mailbox
70 error node -v v0.10.33
71 error npm -v 1.4.28
72 error code E404
73 verbose exit [ 1, true ]
